生成启动时间为 2016/6/6 14:41:36。
     1>项目“E:\李少先\Test\SelectClient\SelectClient.vcxproj”在节点 2 上(build 个目标)。
     1>InitializeBuildStatus:
         正在创建“Debug\SelectClient.unsuccessfulbuild”，因为已指定“AlwaysCreate”。
       ClCompile:
         所有输出均为最新。
         f:\VS2010\VC\bin\CL.exe /c /ZI /nologo /W3 /WX- /Od /Oy- /D WIN32 /D _DEBUG /D _CONSOLE /D _MBCS /Gm /EHsc /RTC1 /MDd /GS /fp:precise /Zc:wchar_t /Zc:forScope /Yu"StdAfx.h" /Fp"Debug\SelectClient.pch" /Fo"Debug\\" /Fd"Debug\vc100.pdb" /Gd /TP /analyze- /errorReport:prompt SelectClient.cpp
         SelectClient.cpp
     1>e:\李少先\test\selectclient\selectclient.cpp(34): warning C4996: 'gets': This function or variable may be unsafe. Consider using gets_s instead. To disable deprecation, use _CRT_SECURE_NO_WARNINGS. See online help for details.
                 f:\vs2010\vc\include\stdio.h(277) : 参见“gets”的声明
       ManifestResourceCompile:
         所有输出均为最新。
       Link:
         f:\VS2010\VC\bin\link.exe /ERRORREPORT:PROMPT /OUT:"E:\李少先\Test\SelectClient\Debug\SelectClient.exe" /INCREMENTAL /NOLOGO kernel32.lib user32.lib gdi32.lib winspool.lib comdlg32.lib advapi32.lib shell32.lib ole32.lib oleaut32.lib uuid.lib odbc32.lib odbccp32.lib /MANIFEST /ManifestFile:"Debug\SelectClient.exe.intermediate.manifest" /MANIFESTUAC:"level='asInvoker' uiAccess='false'" /DEBUG /PDB:"E:\李少先\Test\SelectClient\Debug\SelectClient.pdb" /SUBSYSTEM:CONSOLE /TLBID:1 /DYNAMICBASE /NXCOMPAT /IMPLIB:"E:\李少先\Test\SelectClient\Debug\SelectClient.lib" /MACHINE:X86 Debug\SelectClient.exe.embed.manifest.res
         Debug\SelectClient.obj
         Debug\stdafx.obj
       Manifest:
         C:\Program Files (x86)\Microsoft SDKs\Windows\v7.0A\bin\mt.exe /nologo /verbose /out:"Debug\SelectClient.exe.embed.manifest" /manifest Debug\SelectClient.exe.intermediate.manifest
         所有输出均为最新。
       LinkEmbedManifest:
         所有输出均为最新。
         SelectClient.vcxproj -> E:\李少先\Test\SelectClient\Debug\SelectClient.exe
       FinalizeBuildStatus:
         正在删除文件“Debug\SelectClient.unsuccessfulbuild”。
         正在对“Debug\SelectClient.lastbuildstate”执行 Touch 任务。
     1>已完成生成项目“E:\李少先\Test\SelectClient\SelectClient.vcxproj”(build 个目标)的操作。

生成成功。

已用时间 00:00:00.59
